0 info it worked if it ends with ok
1 verbose cli [ '/usr/local/Cellar/node/0.10.22/bin/node',
1 verbose cli   '/usr/local/bin/npm',
1 verbose cli   'install' ]
2 info using npm@1.3.14
3 info using node@v0.10.22
4 warn package.json ARTPOP@0.0.0 No repository field.
5 verbose readDependencies using package.json deps
6 verbose install where, deps [ '/Users/LOK/Desktop/PersonalData/WORKSPACE/Exp/WebGL/ap-3js/ARTPOP',
6 verbose install   [ 'grunt',
6 verbose install     'grunt-autoprefixer',
6 verbose install     'grunt-bower-install',
6 verbose install     'grunt-concurrent',
6 verbose install     'grunt-contrib-clean',
6 verbose install     'grunt-contrib-compass',
6 verbose install     'grunt-contrib-concat',
6 verbose install     'grunt-contrib-connect',
6 verbose install     'grunt-contrib-copy',
6 verbose install     'grunt-contrib-cssmin',
6 verbose install     'grunt-contrib-htmlmin',
6 verbose install     'grunt-contrib-imagemin',
6 verbose install     'grunt-contrib-jshint',
6 verbose install     'grunt-contrib-uglify',
6 verbose install     'grunt-contrib-watch',
6 verbose install     'grunt-google-cdn',
6 verbose install     'grunt-newer',
6 verbose install     'grunt-ngmin',
6 verbose install     'grunt-rev',
6 verbose install     'grunt-svgmin',
6 verbose install     'grunt-usemin',
6 verbose install     'jshint-stylish',
6 verbose install     'load-grunt-tasks',
6 verbose install     'time-grunt',
6 verbose install     'karma-ng-scenario',
6 verbose install     'grunt-karma',
6 verbose install     'karma',
6 verbose install     'karma-ng-html2js-preprocessor',
6 verbose install     'karma-jasmine',
6 verbose install     'karma-phantomjs-launcher',
6 verbose install     'karma-chrome-launcher',
6 verbose install     'karma-webdriver-launcher',
6 verbose install     'karma-firefox-launcher',
6 verbose install     'karma-safari-launcher',
6 verbose install     'grunt-gh-pages',
6 verbose install     'grunt-open',
6 verbose install     'grunt-angular-templates' ] ]
7 info preinstall ARTPOP@0.0.0
8 verbose readDependencies using package.json deps
9 verbose already installed skipping grunt-bower-install@~1.0.0 /Users/LOK/Desktop/PersonalData/WORKSPACE/Exp/WebGL/ap-3js/ARTPOP
10 verbose already installed skipping grunt@~0.4.1 /Users/LOK/Desktop/PersonalData/WORKSPACE/Exp/WebGL/ap-3js/ARTPOP
11 verbose already installed skipping grunt-autoprefixer@~0.4.0 /Users/LOK/Desktop/PersonalData/WORKSPACE/Exp/WebGL/ap-3js/ARTPOP
12 verbose already installed skipping grunt-concurrent@~0.5.0 /Users/LOK/Desktop/PersonalData/WORKSPACE/Exp/WebGL/ap-3js/ARTPOP
13 verbose already installed skipping grunt-contrib-clean@~0.5.0 /Users/LOK/Desktop/PersonalData/WORKSPACE/Exp/WebGL/ap-3js/ARTPOP
14 verbose already installed skipping grunt-contrib-compass@~0.7.2 /Users/LOK/Desktop/PersonalData/WORKSPACE/Exp/WebGL/ap-3js/ARTPOP
15 verbose already installed skipping grunt-contrib-concat@~0.3.0 /Users/LOK/Desktop/PersonalData/WORKSPACE/Exp/WebGL/ap-3js/ARTPOP
16 verbose already installed skipping grunt-contrib-connect@~0.5.0 /Users/LOK/Desktop/PersonalData/WORKSPACE/Exp/WebGL/ap-3js/ARTPOP
17 verbose already installed skipping grunt-contrib-cssmin@~0.7.0 /Users/LOK/Desktop/PersonalData/WORKSPACE/Exp/WebGL/ap-3js/ARTPOP
18 verbose already installed skipping grunt-contrib-copy@~0.4.1 /Users/LOK/Desktop/PersonalData/WORKSPACE/Exp/WebGL/ap-3js/ARTPOP
19 verbose already installed skipping grunt-contrib-htmlmin@~0.1.3 /Users/LOK/Desktop/PersonalData/WORKSPACE/Exp/WebGL/ap-3js/ARTPOP
20 verbose already installed skipping grunt-contrib-imagemin@~0.3.0 /Users/LOK/Desktop/PersonalData/WORKSPACE/Exp/WebGL/ap-3js/ARTPOP
21 verbose already installed skipping grunt-contrib-jshint@~0.7.1 /Users/LOK/Desktop/PersonalData/WORKSPACE/Exp/WebGL/ap-3js/ARTPOP
22 verbose already installed skipping grunt-contrib-watch@~0.5.2 /Users/LOK/Desktop/PersonalData/WORKSPACE/Exp/WebGL/ap-3js/ARTPOP
23 verbose already installed skipping grunt-contrib-uglify@~0.2.0 /Users/LOK/Desktop/PersonalData/WORKSPACE/Exp/WebGL/ap-3js/ARTPOP
24 verbose already installed skipping grunt-google-cdn@~0.2.0 /Users/LOK/Desktop/PersonalData/WORKSPACE/Exp/WebGL/ap-3js/ARTPOP
25 verbose already installed skipping grunt-newer@~0.6.1 /Users/LOK/Desktop/PersonalData/WORKSPACE/Exp/WebGL/ap-3js/ARTPOP
26 verbose already installed skipping grunt-ngmin@~0.0.2 /Users/LOK/Desktop/PersonalData/WORKSPACE/Exp/WebGL/ap-3js/ARTPOP
27 verbose already installed skipping grunt-svgmin@~0.2.0 /Users/LOK/Desktop/PersonalData/WORKSPACE/Exp/WebGL/ap-3js/ARTPOP
28 verbose already installed skipping grunt-rev@~0.1.0 /Users/LOK/Desktop/PersonalData/WORKSPACE/Exp/WebGL/ap-3js/ARTPOP
29 verbose already installed skipping grunt-usemin@~2.0.0 /Users/LOK/Desktop/PersonalData/WORKSPACE/Exp/WebGL/ap-3js/ARTPOP
30 verbose already installed skipping jshint-stylish@~0.1.3 /Users/LOK/Desktop/PersonalData/WORKSPACE/Exp/WebGL/ap-3js/ARTPOP
31 verbose already installed skipping load-grunt-tasks@~0.4.0 /Users/LOK/Desktop/PersonalData/WORKSPACE/Exp/WebGL/ap-3js/ARTPOP
32 verbose already installed skipping karma-ng-scenario@~0.1.0 /Users/LOK/Desktop/PersonalData/WORKSPACE/Exp/WebGL/ap-3js/ARTPOP
33 verbose already installed skipping time-grunt@~0.2.1 /Users/LOK/Desktop/PersonalData/WORKSPACE/Exp/WebGL/ap-3js/ARTPOP
34 verbose already installed skipping grunt-karma@~0.8.2 /Users/LOK/Desktop/PersonalData/WORKSPACE/Exp/WebGL/ap-3js/ARTPOP
35 verbose already installed skipping karma@~0.12.2 /Users/LOK/Desktop/PersonalData/WORKSPACE/Exp/WebGL/ap-3js/ARTPOP
36 verbose already installed skipping karma-ng-html2js-preprocessor@~0.1.0 /Users/LOK/Desktop/PersonalData/WORKSPACE/Exp/WebGL/ap-3js/ARTPOP
37 verbose already installed skipping karma-phantomjs-launcher@~0.1.2 /Users/LOK/Desktop/PersonalData/WORKSPACE/Exp/WebGL/ap-3js/ARTPOP
38 verbose already installed skipping karma-jasmine@~0.1.5 /Users/LOK/Desktop/PersonalData/WORKSPACE/Exp/WebGL/ap-3js/ARTPOP
39 verbose already installed skipping karma-chrome-launcher@~0.1.2 /Users/LOK/Desktop/PersonalData/WORKSPACE/Exp/WebGL/ap-3js/ARTPOP
40 verbose already installed skipping karma-webdriver-launcher@~0.2.0 /Users/LOK/Desktop/PersonalData/WORKSPACE/Exp/WebGL/ap-3js/ARTPOP
41 verbose already installed skipping karma-safari-launcher@~0.1.1 /Users/LOK/Desktop/PersonalData/WORKSPACE/Exp/WebGL/ap-3js/ARTPOP
42 verbose already installed skipping karma-firefox-launcher@~0.1.3 /Users/LOK/Desktop/PersonalData/WORKSPACE/Exp/WebGL/ap-3js/ARTPOP
43 verbose already installed skipping grunt-gh-pages@~0.9.1 /Users/LOK/Desktop/PersonalData/WORKSPACE/Exp/WebGL/ap-3js/ARTPOP
44 verbose already installed skipping grunt-open@~0.2.3 /Users/LOK/Desktop/PersonalData/WORKSPACE/Exp/WebGL/ap-3js/ARTPOP
45 verbose already installed skipping grunt-angular-templates@~0.5.3 /Users/LOK/Desktop/PersonalData/WORKSPACE/Exp/WebGL/ap-3js/ARTPOP
46 silly resolved []
47 info build /Users/LOK/Desktop/PersonalData/WORKSPACE/Exp/WebGL/ap-3js/ARTPOP
48 verbose linkStuff [ false,
48 verbose linkStuff   false,
48 verbose linkStuff   false,
48 verbose linkStuff   '/Users/LOK/Desktop/PersonalData/WORKSPACE/Exp/WebGL/ap-3js' ]
49 info linkStuff ARTPOP@0.0.0
50 verbose linkBins ARTPOP@0.0.0
51 verbose linkMans ARTPOP@0.0.0
52 verbose rebuildBundles ARTPOP@0.0.0
53 verbose rebuildBundles [ '.DS_Store',
53 verbose rebuildBundles   '.bin',
53 verbose rebuildBundles   'grunt',
53 verbose rebuildBundles   'grunt-angular-templates',
53 verbose rebuildBundles   'grunt-autoprefixer',
53 verbose rebuildBundles   'grunt-bower-install',
53 verbose rebuildBundles   'grunt-concurrent',
53 verbose rebuildBundles   'grunt-contrib-clean',
53 verbose rebuildBundles   'grunt-contrib-compass',
53 verbose rebuildBundles   'grunt-contrib-concat',
53 verbose rebuildBundles   'grunt-contrib-connect',
53 verbose rebuildBundles   'grunt-contrib-copy',
53 verbose rebuildBundles   'grunt-contrib-cssmin',
53 verbose rebuildBundles   'grunt-contrib-htmlmin',
53 verbose rebuildBundles   'grunt-contrib-imagemin',
53 verbose rebuildBundles   'grunt-contrib-jshint',
53 verbose rebuildBundles   'grunt-contrib-uglify',
53 verbose rebuildBundles   'grunt-contrib-watch',
53 verbose rebuildBundles   'grunt-exec',
53 verbose rebuildBundles   'grunt-gh-pages',
53 verbose rebuildBundles   'grunt-google-cdn',
53 verbose rebuildBundles   'grunt-karma',
53 verbose rebuildBundles   'grunt-newer',
53 verbose rebuildBundles   'grunt-ngmin',
53 verbose rebuildBundles   'grunt-open',
53 verbose rebuildBundles   'grunt-rev',
53 verbose rebuildBundles   'grunt-svgmin',
53 verbose rebuildBundles   'grunt-usemin',
53 verbose rebuildBundles   'jshint-stylish',
53 verbose rebuildBundles   'karma',
53 verbose rebuildBundles   'karma-chrome-launcher',
53 verbose rebuildBundles   'karma-cli',
53 verbose rebuildBundles   'karma-firefox-launcher',
53 verbose rebuildBundles   'karma-jasmine',
53 verbose rebuildBundles   'karma-ng-html2js-preprocessor',
53 verbose rebuildBundles   'karma-ng-scenario',
53 verbose rebuildBundles   'karma-phantomjs-launcher',
53 verbose rebuildBundles   'karma-safari-launcher',
53 verbose rebuildBundles   'karma-webdriver-launcher',
53 verbose rebuildBundles   'load-grunt-tasks',
53 verbose rebuildBundles   'phantomjs',
53 verbose rebuildBundles   'time-grunt' ]
54 verbose rebuild bundle /Users/LOK/Desktop/PersonalData/WORKSPACE/Exp/WebGL/ap-3js/ARTPOP/node_modules/grunt-exec
55 info build /Users/LOK/Desktop/PersonalData/WORKSPACE/Exp/WebGL/ap-3js/ARTPOP/node_modules/grunt-exec
56 info preinstall grunt-exec@0.4.5
57 verbose linkStuff [ false,
57 verbose linkStuff   false,
57 verbose linkStuff   false,
57 verbose linkStuff   '/Users/LOK/Desktop/PersonalData/WORKSPACE/Exp/WebGL/ap-3js/ARTPOP/node_modules' ]
58 info linkStuff grunt-exec@0.4.5
59 verbose linkBins grunt-exec@0.4.5
60 verbose linkMans grunt-exec@0.4.5
61 verbose rebuildBundles grunt-exec@0.4.5
62 info install grunt-exec@0.4.5
63 info postinstall grunt-exec@0.4.5
64 verbose rebuild bundle /Users/LOK/Desktop/PersonalData/WORKSPACE/Exp/WebGL/ap-3js/ARTPOP/node_modules/karma-cli
65 info build /Users/LOK/Desktop/PersonalData/WORKSPACE/Exp/WebGL/ap-3js/ARTPOP/node_modules/karma-cli
66 info preinstall karma-cli@0.0.4
67 verbose linkStuff [ false,
67 verbose linkStuff   false,
67 verbose linkStuff   false,
67 verbose linkStuff   '/Users/LOK/Desktop/PersonalData/WORKSPACE/Exp/WebGL/ap-3js/ARTPOP/node_modules' ]
68 info linkStuff karma-cli@0.0.4
69 warn prefer global karma-cli@0.0.4 should be installed with -g
70 verbose linkBins karma-cli@0.0.4
71 verbose link bins [ { karma: './bin/karma' },
71 verbose link bins   '/Users/LOK/Desktop/PersonalData/WORKSPACE/Exp/WebGL/ap-3js/ARTPOP/node_modules/.bin',
71 verbose link bins   false ]
72 verbose linkMans karma-cli@0.0.4
73 verbose rebuildBundles karma-cli@0.0.4
74 verbose rebuildBundles [ 'resolve' ]
75 info install karma-cli@0.0.4
76 info postinstall karma-cli@0.0.4
77 verbose rebuild bundle /Users/LOK/Desktop/PersonalData/WORKSPACE/Exp/WebGL/ap-3js/ARTPOP/node_modules/phantomjs
78 info build /Users/LOK/Desktop/PersonalData/WORKSPACE/Exp/WebGL/ap-3js/ARTPOP/node_modules/phantomjs
79 info preinstall phantomjs@1.9.7-1
80 verbose linkStuff [ false,
80 verbose linkStuff   false,
80 verbose linkStuff   false,
80 verbose linkStuff   '/Users/LOK/Desktop/PersonalData/WORKSPACE/Exp/WebGL/ap-3js/ARTPOP/node_modules' ]
81 info linkStuff phantomjs@1.9.7-1
82 verbose linkBins phantomjs@1.9.7-1
83 verbose link bins [ { phantomjs: './bin/phantomjs' },
83 verbose link bins   '/Users/LOK/Desktop/PersonalData/WORKSPACE/Exp/WebGL/ap-3js/ARTPOP/node_modules/.bin',
83 verbose link bins   false ]
84 verbose linkMans phantomjs@1.9.7-1
85 verbose rebuildBundles phantomjs@1.9.7-1
86 info install phantomjs@1.9.7-1
87 verbose unsafe-perm in lifecycle true
88 info phantomjs@1.9.7-1 Failed to exec install script
89 error phantomjs@1.9.7-1 install: `node install.js`
89 error Exit status 8
90 error Failed at the phantomjs@1.9.7-1 install script.
90 error This is most likely a problem with the phantomjs package,
90 error not with npm itself.
90 error Tell the author that this fails on your system:
90 error     node install.js
90 error You can get their info via:
90 error     npm owner ls phantomjs
90 error There is likely additional logging output above.
91 error System Darwin 13.1.0
92 error command "/usr/local/Cellar/node/0.10.22/bin/node" "/usr/local/bin/npm" "install"
93 error cwd /Users/LOK/Desktop/PersonalData/WORKSPACE/Exp/WebGL/ap-3js/ARTPOP
94 error node -v v0.10.22
95 error npm -v 1.3.14
96 error code ELIFECYCLE
97 verbose exit [ 1, true ]
